# JRE version: OpenJDK Runtime Environment Temurin-17.0.5+8 (17.0.5+8) (build 17.0.5+8)
# Java VM: OpenJDK 64-Bit Server VM Temurin-17.0.5+8 (17.0.5+8, mixed mode, emulated-client, tiered, compressed oops, compressed class ptrs, g1 gc, windows-amd64)
GC Precious Log:
 CPUs: 8 total, 8 available
 Memory: 16300M
 Large Page Support: Disabled
 NUMA Support: Disabled
 Compressed Oops: Enabled (32-bit)
 Heap Region Size: 1M
 Heap Min Capacity: 8M
 Heap Initial Capacity: 256M
 Heap Max Capacity: 1G
 Pre-touch: Disabled
 Parallel Workers: 8
 Concurrent Workers: 2
 Concurrent Refinement Workers: 8
 Periodic GC: Disabled
Heap:
 garbage-first heap   total 454656K, used 134571K [0x00000000c0000000, 0x0000000100000000)
  region size 1024K, 1 young (1024K), 0 survivors (0K)
 Metaspace       used 72282K, committed 72768K, reserved 1114112K
  class space    used 9914K, committed 10112K, reserved 1048576K
GC Heap History (20 events):
Event: 6600.078 GC heap before
{Heap before GC invocations=732 (full 535):
 garbage-first heap   total 454656K, used 134571K [0x00000000c0000000, 0x0000000100000000)
  region size 1024K, 1 young (1024K), 0 survivors (0K)
 Metaspace       used 72282K, committed 72768K, reserved 1114112K
  class space    used 9914K, committed 10112K, reserved 1048576K
}
Event: 6600.138 GC heap after
{Heap after GC invocations=733 (full 536):
 garbage-first heap   total 454656K, used 134571K [0x00000000c0000000, 0x0000000100000000)
  region size 1024K, 0 young (0K), 0 survivors (0K)
 Metaspace       used 72282K, committed 72768K, reserved 1114112K
  class space    used 9914K, committed 10112K, reserved 1048576K
}
Event: 6641.047 GC heap before
{Heap before GC invocations=733 (full 536):
 garbage-first heap   total 454656K, used 137643K [0x00000000c0000000, 0x0000000100000000)
  region size 1024K, 4 young (4096K), 0 survivors (0K)
 Metaspace       used 72282K, committed 72768K, reserved 1114112K
  class space    used 9914K, committed 10112K, reserved 1048576K
}
Event: 6641.105 GC heap after
{Heap after GC invocations=734 (full 537):
 garbage-first heap   total 454656K, used 134571K [0x00000000c0000000, 0x0000000100000000)
  region size 1024K, 0 young (0K), 0 survivors (0K)
 Metaspace       used 72282K, committed 72768K, reserved 1114112K
  class space    used 9914K, committed 10112K, reserved 1048576K
}
Event: 6651.945 GC heap before
{Heap before GC invocations=734 (full 537):
 garbage-first heap   total 454656K, used 134571K [0x00000000c0000000, 0x0000000100000000)
  region size 1024K, 1 young (1024K), 0 survivors (0K)
 Metaspace       used 72282K, committed 72768K, reserved 1114112K
  class space    used 9914K, committed 10112K, reserved 1048576K
}
Event: 6652.004 GC heap after
{Heap after GC invocations=735 (full 538):
 garbage-first heap   total 454656K, used 134571K [0x00000000c0000000, 0x0000000100000000)
  region size 1024K, 0 young (0K), 0 survivors (0K)
 Metaspace       used 72282K, committed 72768K, reserved 1114112K
  class space    used 9914K, committed 10112K, reserved 1048576K
}
Event: 6662.807 GC heap before
{Heap before GC invocations=735 (full 538):
 garbage-first heap   total 454656K, used 134571K [0x00000000c0000000, 0x0000000100000000)
  region size 1024K, 1 young (1024K), 0 survivors (0K)
 Metaspace       used 72282K, committed 72768K, reserved 1114112K
  class space    used 9914K, committed 10112K, reserved 1048576K
}
Event: 6662.865 GC heap after
{Heap after GC invocations=736 (full 539):
 garbage-first heap   total 454656K, used 134571K [0x00000000c0000000, 0x0000000100000000)
  region size 1024K, 0 young (0K), 0 survivors (0K)
 Metaspace       used 72282K, committed 72768K, reserved 1114112K
  class space    used 9914K, committed 10112K, reserved 1048576K
}
Event: 6673.628 GC heap before
{Heap before GC invocations=736 (full 539):
 garbage-first heap   total 454656K, used 134571K [0x00000000c0000000, 0x0000000100000000)
  region size 1024K, 1 young (1024K), 0 survivors (0K)
 Metaspace       used 72282K, committed 72768K, reserved 1114112K
  class space    used 9914K, committed 10112K, reserved 1048576K
}
Event: 6673.691 GC heap after
{Heap after GC invocations=737 (full 540):
 garbage-first heap   total 454656K, used 134571K [0x00000000c0000000, 0x0000000100000000)
  region size 1024K, 0 young (0K), 0 survivors (0K)
 Metaspace       used 72282K, committed 72768K, reserved 1114112K
  class space    used 9914K, committed 10112K, reserved 1048576K
}
Event: 6684.561 GC heap before
{Heap before GC invocations=737 (full 540):
 garbage-first heap   total 454656K, used 134571K [0x00000000c0000000, 0x0000000100000000)
  region size 1024K, 1 young (1024K), 0 survivors (0K)
 Metaspace       used 72282K, committed 72768K, reserved 1114112K
  class space    used 9914K, committed 10112K, reserved 1048576K
}
Event: 6684.619 GC heap after
{Heap after GC invocations=738 (full 541):
 garbage-first heap   total 454656K, used 134571K [0x00000000c0000000, 0x0000000100000000)
  region size 1024K, 0 young (0K), 0 survivors (0K)
 Metaspace       used 72282K, committed 72768K, reserved 1114112K
  class space    used 9914K, committed 10112K, reserved 1048576K
}
Event: 6695.415 GC heap before
{Heap before GC invocations=738 (full 541):
 garbage-first heap   total 454656K, used 134571K [0x00000000c0000000, 0x0000000100000000)
  region size 1024K, 1 young (1024K), 0 survivors (0K)
 Metaspace       used 72282K, committed 72768K, reserved 1114112K
  class space    used 9914K, committed 10112K, reserved 1048576K
}
Event: 6695.476 GC heap after
{Heap after GC invocations=739 (full 542):
 garbage-first heap   total 454656K, used 134571K [0x00000000c0000000, 0x0000000100000000)
  region size 1024K, 0 young (0K), 0 survivors (0K)
 Metaspace       used 72282K, committed 72768K, reserved 1114112K
  class space    used 9914K, committed 10112K, reserved 1048576K
}
Event: 6706.362 GC heap before
{Heap before GC invocations=739 (full 542):
 garbage-first heap   total 454656K, used 134571K [0x00000000c0000000, 0x0000000100000000)
  region size 1024K, 1 young (1024K), 0 survivors (0K)
 Metaspace       used 72282K, committed 72768K, reserved 1114112K
  class space    used 9914K, committed 10112K, reserved 1048576K
}
Event: 6706.422 GC heap after
{Heap after GC invocations=740 (full 543):
 garbage-first heap   total 454656K, used 134571K [0x00000000c0000000, 0x0000000100000000)
  region size 1024K, 0 young (0K), 0 survivors (0K)
 Metaspace       used 72282K, committed 72768K, reserved 1114112K
  class space    used 9914K, committed 10112K, reserved 1048576K
}
Event: 6717.196 GC heap before
{Heap before GC invocations=740 (full 543):
 garbage-first heap   total 454656K, used 134571K [0x00000000c0000000, 0x0000000100000000)
  region size 1024K, 1 young (1024K), 0 survivors (0K)
 Metaspace       used 72282K, committed 72768K, reserved 1114112K
  class space    used 9914K, committed 10112K, reserved 1048576K
}
Event: 6717.256 GC heap after
{Heap after GC invocations=741 (full 544):
 garbage-first heap   total 454656K, used 134571K [0x00000000c0000000, 0x0000000100000000)
  region size 1024K, 0 young (0K), 0 survivors (0K)
 Metaspace       used 72282K, committed 72768K, reserved 1114112K
  class space    used 9914K, committed 10112K, reserved 1048576K
}
Event: 6728.068 GC heap before
{Heap before GC invocations=741 (full 544):
 garbage-first heap   total 454656K, used 134571K [0x00000000c0000000, 0x0000000100000000)
  region size 1024K, 1 young (1024K), 0 survivors (0K)
 Metaspace       used 72282K, committed 72768K, reserved 1114112K
  class space    used 9914K, committed 10112K, reserved 1048576K
}
Event: 6728.188 GC heap after
{Heap after GC invocations=742 (full 545):
 garbage-first heap   total 454656K, used 134571K [0x00000000c0000000, 0x0000000100000000)
  region size 1024K, 0 young (0K), 0 survivors (0K)
 Metaspace       used 72282K, committed 72768K, reserved 1114112K
  class space    used 9914K, committed 10112K, reserved 1048576K
}

